<?xml version="1.0" encoding="UTF-8"?>
<testng-results ignored="0" total="2" passed="2" failed="0" skipped="0">
  <reporter-output>
  </reporter-output>
  <suite started-at="2025-07-17T22:05:42 IST" name="GMail test Suite" finished-at="2025-07-17T22:05:42 IST" duration-ms="140">
    <groups>
    </groups>
    <test started-at="2025-07-17T22:05:42 IST" name="Send Mail" finished-at="2025-07-17T22:05:42 IST" duration-ms="72">
      <class name="testcases.sendmail">
        <test-method is-config="true" signature="login()[pri:0, instance:testcases.sendmail@302552ec]" started-at="2025-07-17T22:05:42 IST" name="login" finished-at="2025-07-17T22:05:42 IST" duration-ms="1" status="PASS">
          <reporter-output>
          </reporter-output>
        </test-method> <!-- login -->
        <test-method signature="sendmail(java.lang.String)[pri:0, instance:testcases.sendmail@302552ec]" started-at="2025-07-17T22:05:42 IST" name="sendmail" finished-at="2025-07-17T22:05:42 IST" duration-ms="14" status="PASS">
          <params>
            <param index="0">
              <value>
                <![CDATA[demo.qedge@gmail.com]]>
              </value>
            </param>
          </params>
          <reporter-output>
          </reporter-output>
        </test-method> <!-- sendmail -->
        <test-method is-config="true" signature="logout()[pri:0, instance:testcases.sendmail@302552ec]" started-at="2025-07-17T22:05:42 IST" name="logout" finished-at="2025-07-17T22:05:42 IST" duration-ms="1" status="PASS">
          <reporter-output>
          </reporter-output>
        </test-method> <!-- logout -->
      </class> <!-- testcases.sendmail -->
    </test> <!-- Send Mail -->
    <test started-at="2025-07-17T22:05:42 IST" name="Receive Mail" finished-at="2025-07-17T22:05:42 IST" duration-ms="5">
      <class name="testcases.receivemail">
        <test-method signature="receivemail()[pri:0, instance:testcases.receivemail@7d8704ef]" started-at="2025-07-17T22:05:42 IST" name="receivemail" finished-at="2025-07-17T22:05:42 IST" duration-ms="1" status="PASS">
          <reporter-output>
          </reporter-output>
        </test-method> <!-- receivemail -->
      </class> <!-- testcases.receivemail -->
      <class name="testcases.sendmail">
        <test-method is-config="true" signature="launchapp()[pri:0, instance:testcases.sendmail@302552ec]" started-at="2025-07-17T22:05:42 IST" name="launchapp" finished-at="2025-07-17T22:05:42 IST" duration-ms="15" status="PASS">
          <reporter-output>
          </reporter-output>
        </test-method> <!-- launchapp -->
        <test-method is-config="true" signature="closeapp()[pri:0, instance:testcases.sendmail@302552ec]" started-at="2025-07-17T22:05:42 IST" name="closeapp" finished-at="2025-07-17T22:05:42 IST" duration-ms="2" status="PASS">
          <reporter-output>
          </reporter-output>
        </test-method> <!-- closeapp -->
      </class> <!-- testcases.sendmail -->
    </test> <!-- Receive Mail -->
  </suite> <!-- GMail test Suite -->
</testng-results>
